\BOOKMARK [0][-]{chapter.1}{\376\377\0001\000\040\000W\000s\000t\001\031\000p\000\040\000o\000r\000a\000z\000\040\000m\000o\000t\000y\000w\000a\000c\000j\000a}{}% 1
\BOOKMARK [1][-]{section.1.1}{\376\377\0001\000.\0001\000\040\000S\000t\000r\000u\000k\000t\000u\000r\000a\000\040\000p\000r\000a\000c\000y}{chapter.1}% 2
\BOOKMARK [1][-]{section.1.2}{\376\377\0001\000.\0002\000\040\000P\000U\000T\000\040\000M\000o\000t\000o\000r\000s\000p\000o\000r\000t}{chapter.1}% 3
\BOOKMARK [1][-]{section.1.3}{\376\377\0001\000.\0003\000\040\000A\000n\000a\000l\000i\000z\000a\000\040\000p\000r\000o\000b\000l\000e\000m\000u}{chapter.1}% 4
\BOOKMARK [1][-]{section.1.4}{\376\377\0001\000.\0004\000\040\000P\000o\000d\000z\000i\000a\001\102\000\040\000p\000r\000a\000c}{chapter.1}% 5
\BOOKMARK [0][-]{chapter.2}{\376\377\0002\000\040\000O\000m\000\363\000w\000i\000e\000n\000i\000e\000\040\000p\000r\000o\000t\000o\000k\000o\001\102\000\363\000w\000\040\000k\000o\000m\000u\000n\000i\000k\000a\000c\000y\000j\000n\000y\000c\000h}{}% 6
\BOOKMARK [1][-]{section.2.1}{\376\377\0002\000.\0001\000\040\000G\001\102\000\363\000w\000n\000a\000\040\000m\000a\000g\000i\000s\000t\000r\000a\000l\000a\000\040\000k\000o\000m\000u\000n\000i\000k\000a\000c\000y\000j\000n\000a\000\040\000-\000\040\000C\000A\000N}{chapter.2}% 7
\BOOKMARK [2][-]{subsection.2.1.1}{\376\377\0002\000.\0001\000.\0001\000\040\000C\000A\000N\000\040\000w\000\040\000m\000o\000d\000e\000l\000u\000\040\000I\000S\000O\000/\000O\000S\000I}{section.2.1}% 8
\BOOKMARK [2][-]{subsection.2.1.2}{\376\377\0002\000.\0001\000.\0002\000\040\000B\000u\000d\000o\000w\000a\000\040\000r\000a\000m\000k\000i\000\040\000C\000A\000N}{section.2.1}% 9
\BOOKMARK [2][-]{subsection.2.1.3}{\376\377\0002\000.\0001\000.\0003\000\040\000F\000i\000l\000t\000r\000y\000\040\000a\000k\000c\000e\000p\000t\000a\000c\000y\000j\000n\000e}{section.2.1}% 10
\BOOKMARK [1][-]{section.2.2}{\376\377\0002\000.\0002\000\040\000A\000r\000c\000h\000i\000w\000i\000z\000a\000c\000j\000a\000\040\000d\000a\000n\000y\000c\000h\000\040\000-\000\040\000S\000D}{chapter.2}% 11
\BOOKMARK [2][-]{subsection.2.2.1}{\376\377\0002\000.\0002\000.\0001\000\040\000F\000a\000t\000F\000s}{section.2.2}% 12
\BOOKMARK [2][-]{subsection.2.2.2}{\376\377\0002\000.\0002\000.\0002\000\040\000S\000D\000\040\000B\000u\000s}{section.2.2}% 13
\BOOKMARK [2][-]{subsection.2.2.3}{\376\377\0002\000.\0002\000.\0003\000\040\000S\000e\000r\000i\000a\000l\000\040\000P\000e\000r\000i\000p\000h\000e\000r\000a\000l\000\040\000I\000n\000t\000e\000r\000f\000a\000c\000e\000\040\000\050\000S\000P\000I\000\051}{section.2.2}% 14
\BOOKMARK [2][-]{subsection.2.2.4}{\376\377\0002\000.\0002\000.\0004\000\040\000D\000i\000r\000e\000c\000t\000\040\000M\000e\000m\000o\000r\000y\000\040\000A\000c\000c\000e\000s\000\040\000\050\000D\000M\000A\000\051}{section.2.2}% 15
\BOOKMARK [1][-]{section.2.3}{\376\377\0002\000.\0003\000\040\000K\000o\000m\000u\000n\000i\000k\000a\000c\000j\000a\000\040\000b\000e\000z\000p\000r\000z\000e\000w\000o\000d\000o\000w\000a\000\040\000-\000\040\000X\000B\000e\000e}{chapter.2}% 16
\BOOKMARK [2][-]{subsection.2.3.1}{\376\377\0002\000.\0003\000.\0001\000\040\000U\000n\000i\000v\000e\000r\000s\000a\000l\000\040\000A\000s\000y\000n\000c\000h\000r\000o\000n\000o\000u\000s\000\040\000R\000e\000c\000e\000i\000v\000e\000r\000\040\000a\000n\000d\000\040\000T\000r\000a\000n\000s\000m\000i\000t\000t\000e\000r\000\040\000-\000\040\000U\000A\000R\000T}{section.2.3}% 17
\BOOKMARK [0][-]{chapter.3}{\376\377\0003\000\040\000R\000e\000a\000l\000i\000z\000a\000c\000j\000a\000\040\000p\000r\000o\000j\000e\000k\000t\000u}{}% 18
\BOOKMARK [1][-]{section.3.1}{\376\377\0003\000.\0001\000\040\000M\000o\000d\000e\000l\000\040\000s\000y\000s\000t\000e\000m\000u}{chapter.3}% 19
\BOOKMARK [1][-]{section.3.2}{\376\377\0003\000.\0002\000\040\000G\001\102\000\363\000w\000n\000y\000\040\000k\000o\000m\000p\000u\000t\000e\000r\000\040\000p\000o\000k\001\102\000a\000d\000o\000w\000y}{chapter.3}% 20
\BOOKMARK [2][-]{subsection.3.2.1}{\376\377\0003\000.\0002\000.\0001\000\040\000M\000i\000k\000r\000o\000k\000o\000n\000t\000r\000o\000l\000e\000r}{section.3.2}% 21
\BOOKMARK [2][-]{subsection.3.2.2}{\376\377\0003\000.\0002\000.\0002\000\040\000O\000b\000s\001\102\000u\000g\000a\000\040\000m\000a\000g\000i\000s\000t\000r\000a\000l\000i\000\040\000C\000A\000N}{section.3.2}% 22
\BOOKMARK [3][-]{section*.6}{\376\377\000T\000r\000a\000n\000s\000c\000e\000i\000v\000e\000r\000\040\000C\000A\000N}{subsection.3.2.2}% 23
\BOOKMARK [2][-]{subsection.3.2.3}{\376\377\0003\000.\0002\000.\0003\000\040\000O\000b\000s\001\102\000u\000g\000a\000\040\000k\000a\000r\000t\000y\000\040\000S\000D}{section.3.2}% 24
\BOOKMARK [2][-]{subsection.3.2.4}{\376\377\0003\000.\0002\000.\0004\000\040\000O\000b\000s\001\102\000u\000g\000a\000\040\000m\000o\000d\000u\001\102\000u\000\040\000X\000B\000e\000e}{section.3.2}% 25
\BOOKMARK [2][-]{subsection.3.2.5}{\376\377\0003\000.\0002\000.\0005\000\040\000Z\000a\000s\000i\000l\000a\000n\000i\000e}{section.3.2}% 26
\BOOKMARK [2][-]{subsection.3.2.6}{\376\377\0003\000.\0002\000.\0006\000\040\000S\000y\000s\000t\000e\000m\000\040\000p\000r\000z\000e\000r\000w\000a\001\104\000\040\000\050\000N\000V\000I\000C\000\051}{section.3.2}% 27
\BOOKMARK [1][-]{section.3.3}{\376\377\0003\000.\0003\000\040\000R\000o\000z\000p\000r\000o\000s\000z\000o\000n\000e\000\040\000j\000e\000d\000n\000o\000s\000t\000k\000i\000\040\000p\000o\000m\000i\000a\000r\000o\000w\000e\000\040\000-\000\040\000H\000U\000B}{chapter.3}% 28
\BOOKMARK [2][-]{subsection.3.3.1}{\376\377\0003\000.\0003\000.\0001\000\040\000W\000p\000r\000o\000w\000a\000d\000z\000e\000n\000i\000e}{section.3.3}% 29
\BOOKMARK [2][-]{subsection.3.3.2}{\376\377\0003\000.\0003\000.\0002\000\040\000U\000k\001\102\000a\000d\000\040\000g\001\102\000\363\000w\000n\000y}{section.3.3}% 30
\BOOKMARK [2][-]{subsection.3.3.3}{\376\377\0003\000.\0003\000.\0003\000\040\000S\000e\000p\000a\000r\000a\000c\000j\000a\000\040\000s\000y\000g\000n\000a\001\102\000\363\000w\000\040\000a\000n\000a\000l\000o\000g\000o\000w\000y\000c\000h}{section.3.3}% 31
\BOOKMARK [2][-]{subsection.3.3.4}{\376\377\0003\000.\0003\000.\0004\000\040\000Z\000a\000s\000i\000l\000a\000n\000i\000e}{section.3.3}% 32
\BOOKMARK [1][-]{section.3.4}{\376\377\0003\000.\0004\000\040\000Z\000d\000a\000l\000n\000y\000\040\000i\000n\000t\000e\000r\000f\000e\000j\000s\000\040\000u\001\174\000y\000t\000k\000o\000w\000n\000i\000k\000a}{chapter.3}% 33
\BOOKMARK [2][-]{subsection.3.4.1}{\376\377\0003\000.\0004\000.\0001\000\040\000W\000y\000m\000a\000g\000a\000n\000i\000a\000\040\000s\000p\000r\000z\001\031\000t\000o\000w\000e}{section.3.4}% 34
\BOOKMARK [2][-]{subsection.3.4.2}{\376\377\0003\000.\0004\000.\0002\000\040\000M\000o\000d\000u\001\102\000\040\000o\000d\000b\000i\000o\000r\000c\000z\000y\000\040\000X\000B\000e\000e}{section.3.4}% 35
\BOOKMARK [2][-]{subsection.3.4.3}{\376\377\0003\000.\0004\000.\0003\000\040\000G\000r\000p\000h\000i\000c\000a\000l\000\040\000U\000s\000e\000r\000\040\000I\000n\000t\000e\000r\000f\000a\000c\000e\000\040\000\050\000G\000U\000I\000\051}{section.3.4}% 36
\BOOKMARK [0][-]{chapter.4}{\376\377\0004\000\040\000B\000a\000d\000a\000n\000i\000a\000\040\000e\000k\000s\000p\000e\000r\000y\000m\000e\000n\000t\000a\000l\000n\000e}{}% 37
\BOOKMARK [0][-]{chapter.5}{\376\377\0005\000\040\000P\000o\000d\000s\000u\000m\000o\000w\000a\000n\000i\000e}{}% 38
\BOOKMARK [0][-]{section*.7}{\376\377\000S\000p\000i\000s\000\040\000t\000a\000b\000l\000i\000c}{}% 39
\BOOKMARK [0][-]{section*.8}{\376\377\000S\000p\000i\000s\000\040\000r\000y\000s\000u\000n\000k\000\363\000w}{}% 40
\BOOKMARK [0][-]{section*.10}{\376\377\000L\000i\000t\000e\000r\000a\000t\000u\000r\000a}{}% 41
